{
  "0 debug pnpm:scope": {
    "selected": 1
  },
  "1 error pnpm": {
    "errno": 1,
    "code": "ELIFECYCLE",
    "pkgid": "4chao@1.0.0",
    "stage": "test",
    "script": "vitest",
    "pkgname": "4chao",
    "err": {
      "name": "pnpm",
      "message": "4chao@1.0.0 test: `vitest`\nExit status 1",
      "code": "ELIFECYCLE",
      "stack": "pnpm: 4chao@1.0.0 test: `vitest`\nExit status 1\n    at EventEmitter.<anonymous> (C:\\Users\\MineCraft\\AppData\\Roaming\\npm\\node_modules\\pnpm\\dist\\pnpm.cjs:108597:20)\n    at EventEmitter.emit (node:events:537:28)\n    at ChildProcess.<anonymous> (C:\\Users\\MineCraft\\AppData\\Roaming\\npm\\node_modules\\pnpm\\dist\\pnpm.cjs:95163:18)\n    at ChildProcess.emit (node:events:537:28)\n    at maybeClose (node:internal/child_process:1091:16)\n    at ChildProcess._handle.onexit (node:internal/child_process:302:5)"
    }
  },
  "2 warn pnpm:global": " Local package.json exists, but node_modules missing, did you mean to install?"
}